<?xml version="1.0" encoding="UTF-8"?>
<testsuite name="com.esprit.examen.services.ProduitServiceImplTest" time="0.387" tests="5" errors="0" skipped="0" failures="2">
  <properties>
    <property name="java.runtime.name" value="Java(TM) SE Runtime Environment"/>
    <property name="sun.boot.library.path" value="C:\Program Files\Java\jdk1.8.0_60\jre\bin"/>
    <property name="java.vm.version" value="25.60-b23"/>
    <property name="java.vm.vendor" value="Oracle Corporation"/>
    <property name="maven.multiModuleProjectDirectory" value="C:\tpAchatProject"/>
    <property name="java.vendor.url" value="http://java.oracle.com/"/>
    <property name="path.separator" value=";"/>
    <property name="guice.disable.misplaced.annotation.check" value="true"/>
    <property name="java.vm.name" value="Java HotSpot(TM) 64-Bit Server VM"/>
    <property name="file.encoding.pkg" value="sun.io"/>
    <property name="user.script" value=""/>
    <property name="user.country" value="GB"/>
    <property name="sun.java.launcher" value="SUN_STANDARD"/>
    <property name="sun.os.patch.level" value=""/>
    <property name="java.vm.specification.name" value="Java Virtual Machine Specification"/>
    <property name="user.dir" value="C:\tpAchatProject"/>
    <property name="java.runtime.version" value="1.8.0_60-b27"/>
    <property name="java.awt.graphicsenv" value="sun.awt.Win32GraphicsEnvironment"/>
    <property name="java.endorsed.dirs" value="C:\Program Files\Java\jdk1.8.0_60\jre\lib\endorsed"/>
    <property name="os.arch" value="amd64"/>
    <property name="java.io.tmpdir" value="C:\Users\yahia\AppData\Local\Temp\"/>
    <property name="line.separator" value="&#10;"/>
    <property name="java.vm.specification.vendor" value="Oracle Corporation"/>
    <property name="user.variant" value=""/>
    <property name="os.name" value="Windows 10"/>
    <property name="classworlds.conf" value="C:\Users\yahia\Documents\workspace-spring-tool-suite-4-4.11.1.RELEASE\.metadata\.plugins\org.eclipse.m2e.launching\launches\m2conf6712524827819034108.tmp"/>
    <property name="jansi.force" value="true"/>
    <property name="sun.jnu.encoding" value="Cp1252"/>
    <property name="java.library.path" value="C:\Program Files\Java\jdk1.8.0_60\bin;C:\Windows\Sun\Java\bin;C:\Windows\system32;C:\Windows;C:/sts-4.11.1.RELEASE//plugins/org.eclipse.justj.openjdk.hotspot.jre.full.win32.x86_64_16.0.2.v20210721-1149/jre/bin/server;C:/sts-4.11.1.RELEASE//plugins/org.eclipse.justj.openjdk.hotspot.jre.full.win32.x86_64_16.0.2.v20210721-1149/jre/bin;C:\ProgramData\Oracle\Java\javapath;C:\Windows\system32;C:\Windows;C:\Windows\System32\Wbem;C:\Windows\System32\WindowsPowerShell\v1.0\;C:\Windows\System32\OpenSSH\;C:\Program Files\Microsoft VS Code\bin;C:\Program Files (x86)\Intel\Intel(R) Management Engine Components\DAL;C:\Program Files\Intel\Intel(R) Management Engine Components\DAL;C:\ProgramData\ComposerSetup\bin;C:\wamp64\bin\php\php7.4.9;C:\Program Files\Git\cmd;C:\Program Files\Microsoft SQL Server\150\Tools\Binn\;C:\Program Files\nodejs\;C:\Program Files\Microsoft SQL Server\130\Tools\Binn\;C:\Program Files (x86)\Yarn\bin\;C:\HashiCorp\Vagrant\bin;C:\Users\yahia\AppData\Local\Programs\Python\Python310\Scripts\;C:\Users\yahia\AppData\Local\Programs\Python\Python310\;C:\Users\yahia\AppData\Roaming\Composer\vendor\bin;C:\wamp64\bin\php;C:\Program Files\Java\jdk1.8.0_60\bin;C:\Users\yahia\AppData\Roaming\npm;C:\Users\yahia\AppData\Local\Yarn\bin;C:\sts-4.11.1.RELEASE;;."/>
    <property name="jansi.passthrough" value="true"/>
    <property name="java.specification.name" value="Java Platform API Specification"/>
    <property name="java.class.version" value="52.0"/>
    <property name="sun.management.compiler" value="HotSpot 64-Bit Tiered Compilers"/>
    <property name="os.version" value="10.0"/>
    <property name="user.home" value="C:\Users\yahia"/>
    <property name="user.timezone" value="Africa/Luanda"/>
    <property name="java.awt.printerjob" value="sun.awt.windows.WPrinterJob"/>
    <property name="java.specification.version" value="1.8"/>
    <property name="file.encoding" value="Cp1252"/>
    <property name="user.name" value="yahia"/>
    <property name="java.class.path" value="C:\sts-4.11.1.RELEASE\plugins\org.eclipse.m2e.maven.runtime_1.18.0.20210618-2246\jars\plexus-classworlds-2.6.0.jar"/>
    <property name="java.vm.specification.version" value="1.8"/>
    <property name="sun.arch.data.model" value="64"/>
    <property name="java.home" value="C:\Program Files\Java\jdk1.8.0_60\jre"/>
    <property name="sun.java.command" value="org.codehaus.plexus.classworlds.launcher.Launcher -B test -Dstyle.color=always"/>
    <property name="java.specification.vendor" value="Oracle Corporation"/>
    <property name="user.language" value="en"/>
    <property name="awt.toolkit" value="sun.awt.windows.WToolkit"/>
    <property name="java.vm.info" value="mixed mode"/>
    <property name="java.version" value="1.8.0_60"/>
    <property name="java.ext.dirs" value="C:\Program Files\Java\jdk1.8.0_60\jre\lib\ext;C:\Windows\Sun\Java\lib\ext"/>
    <property name="sun.boot.class.path" value="C:\Program Files\Java\jdk1.8.0_60\jre\lib\resources.jar;C:\Program Files\Java\jdk1.8.0_60\jre\lib\rt.jar;C:\Program Files\Java\jdk1.8.0_60\jre\lib\sunrsasign.jar;C:\Program Files\Java\jdk1.8.0_60\jre\lib\jsse.jar;C:\Program Files\Java\jdk1.8.0_60\jre\lib\jce.jar;C:\Program Files\Java\jdk1.8.0_60\jre\lib\charsets.jar;C:\Program Files\Java\jdk1.8.0_60\jre\lib\jfr.jar;C:\Program Files\Java\jdk1.8.0_60\jre\classes"/>
    <property name="java.vendor" value="Oracle Corporation"/>
    <property name="maven.home" value="C:\tpAchatProject\EMBEDDED"/>
    <property name="style.color" value="always"/>
    <property name="file.separator" value="\"/>
    <property name="java.vendor.url.bug" value="http://bugreport.sun.com/bugreport/"/>
    <property name="sun.cpu.endian" value="little"/>
    <property name="sun.io.unicode.encoding" value="UnicodeLittle"/>
    <property name="sun.desktop" value="windows"/>
    <property name="sun.cpu.isalist" value="amd64"/>
  </properties>
  <testcase name="testRetrieveAllProduits" classname="com.esprit.examen.services.ProduitServiceImplTest" time="0.272"/>
  <testcase name="testUpdateProduit" classname="com.esprit.examen.services.ProduitServiceImplTest" time="0.035">
    <failure message="expected same:&lt;1/10/2022&gt; was not:&lt;Sat Oct 01 00:00:00 WAT 2022&gt;" type="java.lang.AssertionError"><![CDATA[java.lang.AssertionError: expected same:<1/10/2022> was not:<Sat Oct 01 00:00:00 WAT 2022>
	at org.junit.Assert.fail(Assert.java:89)
	at org.junit.Assert.failNotSame(Assert.java:829)
	at org.junit.Assert.assertSame(Assert.java:772)
	at org.junit.Assert.assertSame(Assert.java:783)
	at com.esprit.examen.services.ProduitServiceImplTest.testUpdateProduit(ProduitServiceImplTest.java:81)
]]></failure>
    <system-out>Hibernate: insert into produit (categorie_produit_id_categorie_produit, code_produit, date_creation, date_derniere_modification, libelle_produit, prix, stock_id_stock) values (?, ?, ?, ?, ?, ?, ?)
Hibernate: select produit0_.id_produit as id_produ1_8_0_, produit0_.categorie_produit_id_categorie_produit as categori7_8_0_, produit0_.code_produit as code_pro2_8_0_, produit0_.date_creation as date_cre3_8_0_, produit0_.date_derniere_modification as date_der4_8_0_, produit0_.libelle_produit as libelle_5_8_0_, produit0_.prix as prix6_8_0_, produit0_.stock_id_stock as stock_id8_8_0_ from produit produit0_ where produit0_.id_produit=?
Hibernate: update produit set categorie_produit_id_categorie_produit=?, code_produit=?, date_creation=?, date_derniere_modification=?, libelle_produit=?, prix=?, stock_id_stock=? where id_produit=?
</system-out>
  </testcase>
  <testcase name="testAddProduit" classname="com.esprit.examen.services.ProduitServiceImplTest" time="0.019"/>
  <testcase name="testDeleteProduit" classname="com.esprit.examen.services.ProduitServiceImplTest" time="0.022"/>
  <testcase name="testAssignProduitToStock" classname="com.esprit.examen.services.ProduitServiceImplTest" time="0.039">
    <failure type="java.lang.AssertionError:">java.lang.AssertionError: null
	at org.junit.Assert.fail(Assert.java:87)
	at org.junit.Assert.assertTrue(Assert.java:42)
	at org.junit.Assert.assertNotNull(Assert.java:713)
	at org.junit.Assert.assertNotNull(Assert.java:723)
	at com.esprit.examen.services.ProduitServiceImplTest.testAssignProduitToStock(ProduitServiceImplTest.java:96)
</failure>
    <system-out>2022-11-07 11:29:18 - INFO  - com.esprit.examen.services.StockServiceImpl - In method addStock
Hibernate: insert into stock (libelle_stock, qte, qte_min) values (?, ?, ?)
Hibernate: insert into produit (categorie_produit_id_categorie_produit, code_produit, date_creation, date_derniere_modification, libelle_produit, prix, stock_id_stock) values (?, ?, ?, ?, ?, ?, ?)
Stock: com.esprit.examen.entities.Stock@478c84aaProduit: com.esprit.examen.entities.Produit@234bfc8cHibernate: select produit0_.id_produit as id_produ1_8_0_, produit0_.categorie_produit_id_categorie_produit as categori7_8_0_, produit0_.code_produit as code_pro2_8_0_, produit0_.date_creation as date_cre3_8_0_, produit0_.date_derniere_modification as date_der4_8_0_, produit0_.libelle_produit as libelle_5_8_0_, produit0_.prix as prix6_8_0_, produit0_.stock_id_stock as stock_id8_8_0_, categoriep1_.id_categorie_produit as id_categ1_0_1_, categoriep1_.code_categorie as code_cat2_0_1_, categoriep1_.libelle_categorie as libelle_3_0_1_, stock2_.id_stock as id_stock1_11_2_, stock2_.libelle_stock as libelle_2_11_2_, stock2_.qte as qte3_11_2_, stock2_.qte_min as qte_min4_11_2_ from produit produit0_ left outer join categorie_produit categoriep1_ on produit0_.categorie_produit_id_categorie_produit=categoriep1_.id_categorie_produit left outer join stock stock2_ on produit0_.stock_id_stock=stock2_.id_stock where produit0_.id_produit=?
Hibernate: select stock0_.id_stock as id_stock1_11_0_, stock0_.libelle_stock as libelle_2_11_0_, stock0_.qte as qte3_11_0_, stock0_.qte_min as qte_min4_11_0_ from stock stock0_ where stock0_.id_stock=?
Hibernate: select produit0_.id_produit as id_produ1_8_0_, produit0_.categorie_produit_id_categorie_produit as categori7_8_0_, produit0_.code_produit as code_pro2_8_0_, produit0_.date_creation as date_cre3_8_0_, produit0_.date_derniere_modification as date_der4_8_0_, produit0_.libelle_produit as libelle_5_8_0_, produit0_.prix as prix6_8_0_, produit0_.stock_id_stock as stock_id8_8_0_ from produit produit0_ where produit0_.id_produit=?
Hibernate: select stock0_.id_stock as id_stock1_11_0_, stock0_.libelle_stock as libelle_2_11_0_, stock0_.qte as qte3_11_0_, stock0_.qte_min as qte_min4_11_0_ from stock stock0_ where stock0_.id_stock=?
Hibernate: update produit set categorie_produit_id_categorie_produit=?, code_produit=?, date_creation=?, date_derniere_modification=?, libelle_produit=?, prix=?, stock_id_stock=? where id_produit=?
</system-out>
  </testcase>
</testsuite>